2025-06-13 11:29:07,402 INFO: Flask Todo App startup [in C:\Users\wijay\flask_todo\app\__init__.py:42]
2025-06-13 11:29:22,552 WARNING: Failed login attempt for username: Jack29 [in C:\Users\wijay\flask_todo\app\auth.py:21]
2025-06-13 11:38:58,434 INFO: Flask Todo App startup [in C:\Users\wijay\flask_todo\app\__init__.py:42]
2025-06-13 11:39:10,354 WARNING: Failed login attempt for username: Jack29 [in C:\Users\wijay\flask_todo\app\auth.py:21]
2025-06-13 15:44:18,355 INFO: Flask Todo App startup [in C:\Users\wijay\flask_todo\app\__init__.py:42]
2025-06-13 15:45:09,859 INFO: User 'jaka' registered. [in C:\Users\wijay\flask_todo\app\auth.py:47]
2025-06-13 15:45:16,327 INFO: User 'jaka' logged in. [in C:\Users\wijay\flask_todo\app\auth.py:18]
2025-06-13 15:45:16,334 INFO: User 'jaka' accessed the task list. [in C:\Users\wijay\flask_todo\app\routes.py:12]
2025-06-13 15:45:23,219 INFO: User 'jaka' added task: devops [in C:\Users\wijay\flask_todo\app\routes.py:22]
2025-06-13 15:45:23,223 INFO: User 'jaka' accessed the task list. [in C:\Users\wijay\flask_todo\app\routes.py:12]
2025-06-13 15:45:26,255 INFO: User 'jaka' added task: persdif [in C:\Users\wijay\flask_todo\app\routes.py:22]
2025-06-13 15:45:26,259 INFO: User 'jaka' accessed the task list. [in C:\Users\wijay\flask_todo\app\routes.py:12]
2025-06-14 15:51:04,320 INFO: Flask Todo App startup [in /app/app/__init__.py:43]
2025-06-14 16:00:08,003 INFO: User 'akuaja' registered. [in /app/app/auth.py:47]
2025-06-14 16:20:00,993 INFO: Flask Todo App startup [in /app/app/__init__.py:46]
2025-06-14 16:22:43,578 WARNING: Failed login attempt for username: apaaja [in /app/app/auth.py:21]
2025-06-14 16:26:08,713 INFO: Flask Todo App startup [in /app/app/__init__.py:46]
2025-06-14 16:26:42,332 WARNING: Failed login attempt for username: apaaja [in /app/app/auth.py:21]
2025-06-14 16:26:45,649 WARNING: Failed login attempt for username: apaaja [in /app/app/auth.py:21]
2025-06-14 16:29:22,734 INFO: Flask Todo App startup [in /app/app/__init__.py:46]
2025-06-14 16:36:54,504 INFO: Flask Todo App startup [in /app/app/__init__.py:46]
2025-06-14 16:38:08,161 WARNING: Failed login attempt for username: apaaja [in /app/app/auth.py:21]
2025-06-14 16:38:17,311 WARNING: Failed login attempt for username: Jack29 [in /app/app/auth.py:21]
2025-06-14 16:45:50,737 INFO: User 'kucing' registered. [in /app/app/auth.py:47]
2025-06-14 16:45:57,364 INFO: User 'kucing' logged in. [in /app/app/auth.py:18]
2025-06-14 16:45:57,374 INFO: User 'kucing' accessed the task list. [in /app/app/routes.py:12]
2025-06-14 17:02:57,546 INFO: User 'kucing' added task: DevOps (Tubes) [in /app/app/routes.py:22]
2025-06-14 17:02:57,557 INFO: User 'kucing' accessed the task list. [in /app/app/routes.py:12]
2025-06-14 17:03:01,136 INFO: User 'kucing' added task: Persdiff (UAS)  [in /app/app/routes.py:22]
2025-06-14 17:03:01,144 INFO: User 'kucing' accessed the task list. [in /app/app/routes.py:12]
